[2.074s] Invoking command in '/home/awutio23/learnROS2/learning_ROS2/learn_ws/build/first_pkg': PYTHONPATH=/home/awutio23/learnROS2/learning_ROS2/learn_ws/build/first_pkg/prefix_override:/usr/lib/python3/dist-packages/colcon_core/task/python/colcon_distutils_commands:/home/awutio23/learnROS2/learning_ROS2/learn_ws/install/first_pkg/lib/python3.10/site-packages:${PYTHONPATH} /usr/bin/python3 -W ignore:setup.py install is deprecated -W ignore:easy_install command is deprecated setup.py develop --editable --build-directory /home/awutio23/learnROS2/learning_ROS2/learn_ws/build/first_pkg/build --no-deps symlink_data
[2.662s] running develop
[2.998s] running egg_info
[2.998s] creating first_pkg.egg-info
[3.000s] writing first_pkg.egg-info/PKG-INFO
[3.014s] writing dependency_links to first_pkg.egg-info/dependency_links.txt
[3.015s] writing entry points to first_pkg.egg-info/entry_points.txt
[3.015s] writing requirements to first_pkg.egg-info/requires.txt
[3.015s] writing top-level names to first_pkg.egg-info/top_level.txt
[3.016s] writing manifest file 'first_pkg.egg-info/SOURCES.txt'
[3.021s] reading manifest file 'first_pkg.egg-info/SOURCES.txt'
[3.023s] writing manifest file 'first_pkg.egg-info/SOURCES.txt'
[3.027s] running build_ext
[3.028s] Creating /home/awutio23/learnROS2/learning_ROS2/learn_ws/install/first_pkg/lib/python3.10/site-packages/first-pkg.egg-link (link to .)
[3.030s] 
[3.030s] Installed /home/awutio23/learnROS2/learning_ROS2/learn_ws/build/first_pkg
[3.031s] running symlink_data
[3.031s] creating /home/awutio23/learnROS2/learning_ROS2/learn_ws/install/first_pkg/share/ament_index
[3.032s] creating /home/awutio23/learnROS2/learning_ROS2/learn_ws/install/first_pkg/share/ament_index/resource_index
[3.034s] creating /home/awutio23/learnROS2/learning_ROS2/learn_ws/install/first_pkg/share/ament_index/resource_index/packages
[3.035s] symbolically linking /home/awutio23/learnROS2/learning_ROS2/learn_ws/build/first_pkg/resource/first_pkg -> /home/awutio23/learnROS2/learning_ROS2/learn_ws/install/first_pkg/share/ament_index/resource_index/packages
[3.036s] symbolically linking /home/awutio23/learnROS2/learning_ROS2/learn_ws/build/first_pkg/package.xml -> /home/awutio23/learnROS2/learning_ROS2/learn_ws/install/first_pkg/share/first_pkg
[3.038s] creating /home/awutio23/learnROS2/learning_ROS2/learn_ws/install/first_pkg/share/first_pkg/launch
[3.039s] creating /home/awutio23/learnROS2/learning_ROS2/learn_ws/install/first_pkg/share/first_pkg/launch/vid7
[3.040s] symbolically linking /home/awutio23/learnROS2/learning_ROS2/learn_ws/build/first_pkg/launch/vid7/rsp.launch.py -> /home/awutio23/learnROS2/learning_ROS2/learn_ws/install/first_pkg/share/first_pkg/launch/vid7
[3.042s] symbolically linking /home/awutio23/learnROS2/learning_ROS2/learn_ws/build/first_pkg/launch/vid7/rsp_sim.launch.py -> /home/awutio23/learnROS2/learning_ROS2/learn_ws/install/first_pkg/share/first_pkg/launch/vid7
[3.043s] creating /home/awutio23/learnROS2/learning_ROS2/learn_ws/install/first_pkg/share/first_pkg/launch/vid6
[3.045s] symbolically linking /home/awutio23/learnROS2/learning_ROS2/learn_ws/build/first_pkg/launch/vid6/robot_state_publisher.launch.py -> /home/awutio23/learnROS2/learning_ROS2/learn_ws/install/first_pkg/share/first_pkg/launch/vid6
[3.046s] creating /home/awutio23/learnROS2/learning_ROS2/learn_ws/install/first_pkg/share/first_pkg/launch/vid5
[3.048s] symbolically linking /home/awutio23/learnROS2/learning_ROS2/learn_ws/build/first_pkg/launch/vid5/listener.launch.py -> /home/awutio23/learnROS2/learning_ROS2/learn_ws/install/first_pkg/share/first_pkg/launch/vid5
[3.049s] symbolically linking /home/awutio23/learnROS2/learning_ROS2/learn_ws/build/first_pkg/launch/vid5/talker.launch.py -> /home/awutio23/learnROS2/learning_ROS2/learn_ws/install/first_pkg/share/first_pkg/launch/vid5
[3.110s] Invoked command in '/home/awutio23/learnROS2/learning_ROS2/learn_ws/build/first_pkg' returned '0': PYTHONPATH=/home/awutio23/learnROS2/learning_ROS2/learn_ws/build/first_pkg/prefix_override:/usr/lib/python3/dist-packages/colcon_core/task/python/colcon_distutils_commands:/home/awutio23/learnROS2/learning_ROS2/learn_ws/install/first_pkg/lib/python3.10/site-packages:${PYTHONPATH} /usr/bin/python3 -W ignore:setup.py install is deprecated -W ignore:easy_install command is deprecated setup.py develop --editable --build-directory /home/awutio23/learnROS2/learning_ROS2/learn_ws/build/first_pkg/build --no-deps symlink_data
