[0.863s] Invoking command in '/home/awutio23/learnROS2/learning_ROS2/build/first_pkg': PYTHONPATH=/home/awutio23/learnROS2/learning_ROS2/build/first_pkg/prefix_override:/usr/lib/python3/dist-packages/colcon_core/task/python/colcon_distutils_commands:/home/awutio23/learnROS2/learning_ROS2/install/first_pkg/lib/python3.10/site-packages:${PYTHONPATH} /usr/bin/python3 -W ignore:setup.py install is deprecated -W ignore:easy_install command is deprecated setup.py develop --editable --build-directory /home/awutio23/learnROS2/learning_ROS2/build/first_pkg/build --no-deps symlink_data
[1.136s] running develop
[1.285s] running egg_info
[1.285s] creating first_pkg.egg-info
[1.286s] writing first_pkg.egg-info/PKG-INFO
[1.286s] writing dependency_links to first_pkg.egg-info/dependency_links.txt
[1.286s] writing entry points to first_pkg.egg-info/entry_points.txt
[1.286s] writing requirements to first_pkg.egg-info/requires.txt
[1.287s] writing top-level names to first_pkg.egg-info/top_level.txt
[1.287s] writing manifest file 'first_pkg.egg-info/SOURCES.txt'
[1.289s] reading manifest file 'first_pkg.egg-info/SOURCES.txt'
[1.289s] writing manifest file 'first_pkg.egg-info/SOURCES.txt'
[1.291s] running build_ext
[1.291s] Creating /home/awutio23/learnROS2/learning_ROS2/install/first_pkg/lib/python3.10/site-packages/first-pkg.egg-link (link to .)
[1.292s] 
[1.292s] Installed /home/awutio23/learnROS2/learning_ROS2/build/first_pkg
[1.292s] running symlink_data
[1.292s] creating /home/awutio23/learnROS2/learning_ROS2/install/first_pkg/share/ament_index
[1.293s] creating /home/awutio23/learnROS2/learning_ROS2/install/first_pkg/share/ament_index/resource_index
[1.293s] creating /home/awutio23/learnROS2/learning_ROS2/install/first_pkg/share/ament_index/resource_index/packages
[1.294s] symbolically linking /home/awutio23/learnROS2/learning_ROS2/build/first_pkg/resource/first_pkg -> /home/awutio23/learnROS2/learning_ROS2/install/first_pkg/share/ament_index/resource_index/packages
[1.294s] symbolically linking /home/awutio23/learnROS2/learning_ROS2/build/first_pkg/package.xml -> /home/awutio23/learnROS2/learning_ROS2/install/first_pkg/share/first_pkg
[1.295s] creating /home/awutio23/learnROS2/learning_ROS2/install/first_pkg/share/first_pkg/launch
[1.295s] creating /home/awutio23/learnROS2/learning_ROS2/install/first_pkg/share/first_pkg/launch/vid6
[1.296s] symbolically linking /home/awutio23/learnROS2/learning_ROS2/build/first_pkg/launch/vid6/robot_state_publisher.launch.py -> /home/awutio23/learnROS2/learning_ROS2/install/first_pkg/share/first_pkg/launch/vid6
[1.297s] creating /home/awutio23/learnROS2/learning_ROS2/install/first_pkg/share/first_pkg/launch/vid5
[1.297s] symbolically linking /home/awutio23/learnROS2/learning_ROS2/build/first_pkg/launch/vid5/listener.launch.py -> /home/awutio23/learnROS2/learning_ROS2/install/first_pkg/share/first_pkg/launch/vid5
[1.298s] symbolically linking /home/awutio23/learnROS2/learning_ROS2/build/first_pkg/launch/vid5/talker.launch.py -> /home/awutio23/learnROS2/learning_ROS2/install/first_pkg/share/first_pkg/launch/vid5
[1.329s] Invoked command in '/home/awutio23/learnROS2/learning_ROS2/build/first_pkg' returned '0': PYTHONPATH=/home/awutio23/learnROS2/learning_ROS2/build/first_pkg/prefix_override:/usr/lib/python3/dist-packages/colcon_core/task/python/colcon_distutils_commands:/home/awutio23/learnROS2/learning_ROS2/install/first_pkg/lib/python3.10/site-packages:${PYTHONPATH} /usr/bin/python3 -W ignore:setup.py install is deprecated -W ignore:easy_install command is deprecated setup.py develop --editable --build-directory /home/awutio23/learnROS2/learning_ROS2/build/first_pkg/build --no-deps symlink_data
